<?xml version="1.0" encoding="UTF-8"?>
<!-- Generated by org.testng.reporters.JUnitReportReporter -->
<testsuite hostname="DESKTOP-GQASEIV" failures="0" tests="1" name="swag.labs.test.EmptyUsernameFieldLogin" time="0.188" errors="0" timestamp="2022-07-09T15:01:16 CEST" skipped="0">
  <testcase classname="swag.labs.test.EmptyUsernameFieldLogin" name="emptyUsernameFieldLogin" time="0.188"/>
  <system-out/>
</testsuite> <!-- swag.labs.test.EmptyUsernameFieldLogin -->
