<?xml version="1.0" encoding="UTF-8"?>
<!-- Generated by org.testng.reporters.JUnitReportReporter -->
<testsuite hostname="DESKTOP-GQASEIV" failures="0" tests="1" name="swag.labs.test.PLPSorting" time="1.470" errors="0" timestamp="2022-07-09T15:01:16 CEST" skipped="0">
  <testcase classname="swag.labs.test.PLPSorting" name="sortingPLP" time="1.470"/>
  <system-out/>
</testsuite> <!-- swag.labs.test.PLPSorting -->
