<?xml version="1.0" encoding="UTF-8"?>
<!-- Generated by org.testng.reporters.JUnitReportReporter -->
<testsuite hostname="DESKTOP-GQASEIV" failures="0" tests="1" name="swag.labs.test.Checkout" time="0.901" errors="0" timestamp="2022-07-09T15:01:16 CEST" skipped="0">
  <testcase classname="swag.labs.test.Checkout" name="checkout" time="0.901"/>
  <system-out/>
</testsuite> <!-- swag.labs.test.Checkout -->
