<?xml version="1.0" encoding="UTF-8"?>
<!-- Generated by org.testng.reporters.JUnitReportReporter -->
<testsuite hostname="DESKTOP-GQASEIV" failures="0" tests="1" name="swag.labs.test.ValidLogin" time="0.779" errors="0" timestamp="2022-07-09T15:01:16 CEST" skipped="0">
  <testcase classname="swag.labs.test.ValidLogin" name="validLogin" time="0.779"/>
  <system-out/>
</testsuite> <!-- swag.labs.test.ValidLogin -->
